2018-05-01 10:33:47,078 INFO o.a.j.u.JMeterUtils: Setting Locale to en_EN
2018-05-01 10:33:47,116 INFO o.a.j.JMeter: Loading user properties from: /usr/local/Cellar/jmeter/4.0/libexec/bin/user.properties
2018-05-01 10:33:47,117 INFO o.a.j.JMeter: Loading system properties from: /usr/local/Cellar/jmeter/4.0/libexec/bin/system.properties
2018-05-01 10:33:47,126 INFO o.a.j.JMeter: Copyright (c) 1998-2018 The Apache Software Foundation
2018-05-01 10:33:47,126 INFO o.a.j.JMeter: Version 4.0 r1823414
2018-05-01 10:33:47,127 INFO o.a.j.JMeter: java.version=1.8.0_92
2018-05-01 10:33:47,127 INFO o.a.j.JMeter: java.vm.name=Java HotSpot(TM) 64-Bit Server VM
2018-05-01 10:33:47,127 INFO o.a.j.JMeter: os.name=Mac OS X
2018-05-01 10:33:47,127 INFO o.a.j.JMeter: os.arch=x86_64
2018-05-01 10:33:47,127 INFO o.a.j.JMeter: os.version=10.13.4
2018-05-01 10:33:47,127 INFO o.a.j.JMeter: file.encoding=UTF-8
2018-05-01 10:33:47,127 INFO o.a.j.JMeter: Max memory     =1073741824
2018-05-01 10:33:47,127 INFO o.a.j.JMeter: Available Processors =8
2018-05-01 10:33:47,135 INFO o.a.j.JMeter: Default Locale=English (EN)
2018-05-01 10:33:47,136 INFO o.a.j.JMeter: JMeter  Locale=English (EN)
2018-05-01 10:33:47,136 INFO o.a.j.JMeter: JMeterHome=/usr/local/Cellar/jmeter/4.0/libexec
2018-05-01 10:33:47,136 INFO o.a.j.JMeter: user.dir  =/Users/mickeyshaul/Documents/DevOps/Opsschool/final-project
2018-05-01 10:33:47,136 INFO o.a.j.JMeter: PWD       =/Users/mickeyshaul/Documents/DevOps/Opsschool/final-project
2018-05-01 10:33:47,138 INFO o.a.j.JMeter: IP: 192.168.100.244 Name: Mickeys-MacBook-Pro.local FullName: 192.168.100.244
2018-05-01 10:33:53,005 INFO o.a.j.g.a.LookAndFeelCommand: Installing Darcula LAF
2018-05-01 10:33:53,036 INFO o.a.j.g.a.LookAndFeelCommand: Using look and feel: com.bulenkov.darcula.DarculaLaf [Darcula]
2018-05-01 10:33:53,036 INFO o.a.j.JMeter: Setting LAF to: com.bulenkov.darcula.DarculaLaf
2018-05-01 10:33:53,182 INFO o.a.j.JMeter: Loaded icon properties from org/apache/jmeter/images/icon.properties
2018-05-01 10:33:53,796 INFO o.a.j.e.u.CompoundVariable: Note: Function class names must contain the string: '.functions.'
2018-05-01 10:33:53,796 INFO o.a.j.e.u.CompoundVariable: Note: Function class names must not contain the string: '.gui.'
2018-05-01 10:33:56,135 INFO o.a.j.p.h.s.HTTPSamplerBase: Parser for text/html is org.apache.jmeter.protocol.http.parser.LagartoBasedHtmlParser
2018-05-01 10:33:56,136 INFO o.a.j.p.h.s.HTTPSamplerBase: Parser for application/xhtml+xml is org.apache.jmeter.protocol.http.parser.LagartoBasedHtmlParser
2018-05-01 10:33:56,136 INFO o.a.j.p.h.s.HTTPSamplerBase: Parser for application/xml is org.apache.jmeter.protocol.http.parser.LagartoBasedHtmlParser
2018-05-01 10:33:56,136 INFO o.a.j.p.h.s.HTTPSamplerBase: Parser for text/xml is org.apache.jmeter.protocol.http.parser.LagartoBasedHtmlParser
2018-05-01 10:33:56,136 INFO o.a.j.p.h.s.HTTPSamplerBase: Parser for text/vnd.wap.wml is org.apache.jmeter.protocol.http.parser.RegexpHTMLParser
2018-05-01 10:33:56,137 INFO o.a.j.p.h.s.HTTPSamplerBase: Parser for text/css is org.apache.jmeter.protocol.http.parser.CssParser
2018-05-01 10:33:56,575 INFO o.a.j.e.KeyToolUtils: keytool found at 'keytool'
2018-05-01 10:33:56,576 INFO o.a.j.p.h.p.ProxyControl: HTTP(S) Test Script Recorder SSL Proxy will use keys that support embedded 3rd party resources in file /usr/local/Cellar/jmeter/4.0/libexec/bin/proxyserver.jks
2018-05-01 10:33:56,712 INFO o.a.j.s.FileServer: Default base='/Users/mickeyshaul/Documents/DevOps/Opsschool/final-project'
2018-05-01 10:33:57,098 INFO o.a.j.s.SampleResult: Note: Sample TimeStamps are START times
2018-05-01 10:33:57,098 INFO o.a.j.s.SampleResult: sampleresult.default.encoding is set to ISO-8859-1
2018-05-01 10:33:57,098 INFO o.a.j.s.SampleResult: sampleresult.useNanoTime=true
2018-05-01 10:33:57,098 INFO o.a.j.s.SampleResult: sampleresult.nanoThreadSleep=5000
2018-05-01 10:34:09,077 INFO o.a.j.g.a.Load: Loading file: /Users/mickeyshaul/Documents/DevOps/Opsschool/final-project/jmeter/loadtest.jmx
2018-05-01 10:34:09,078 INFO o.a.j.s.FileServer: Set new base='/Users/mickeyshaul/Documents/DevOps/Opsschool/final-project/jmeter'
2018-05-01 10:34:09,255 INFO o.a.j.s.SaveService: Testplan (JMX) version: 2.2. Testlog (JTL) version: 2.2
2018-05-01 10:34:09,283 INFO o.a.j.s.SaveService: Using SaveService properties file encoding UTF-8
2018-05-01 10:34:09,284 INFO o.a.j.s.SaveService: Using SaveService properties version 4.0
2018-05-01 10:34:09,287 INFO o.a.j.s.SaveService: Loading file: /Users/mickeyshaul/Documents/DevOps/Opsschool/final-project/jmeter/loadtest.jmx
2018-05-01 10:34:09,423 INFO o.a.j.s.FileServer: Set new base='/Users/mickeyshaul/Documents/DevOps/Opsschool/final-project/jmeter'
2018-05-01 10:38:22,219 INFO o.a.j.e.StandardJMeterEngine: Running the test!
2018-05-01 10:38:22,221 INFO o.a.j.s.SampleEvent: List of sample_variables: []
2018-05-01 10:38:22,221 INFO o.a.j.s.SampleEvent: List of sample_variables: []
2018-05-01 10:38:22,228 INFO o.a.j.g.u.JMeterMenuBar: setRunning(true, *local*)
2018-05-01 10:38:22,584 INFO o.a.j.e.StandardJMeterEngine: Starting ThreadGroup: 1 : Spree search load
2018-05-01 10:38:22,584 INFO o.a.j.e.StandardJMeterEngine: Starting 10 threads for group Spree search load.
2018-05-01 10:38:22,585 INFO o.a.j.e.StandardJMeterEngine: Thread will continue on error
2018-05-01 10:38:22,585 INFO o.a.j.t.ThreadGroup: Starting thread group... number=1 threads=10 ramp-up=2 perThread=200.0 delayedStart=false
2018-05-01 10:38:22,597 INFO o.a.j.t.JMeterThread: Thread started: Spree search load 1-1
2018-05-01 10:38:22,604 INFO o.a.j.t.ThreadGroup: Started thread group number 1
2018-05-01 10:38:22,604 INFO o.a.j.e.StandardJMeterEngine: All thread groups have been started
2018-05-01 10:38:22,605 INFO o.a.j.s.FileServer: Stored: /Users/mickeyshaul/Documents/DevOps/Opsschool/final-project/jmeter/products.csv
2018-05-01 10:38:22,628 INFO o.a.j.p.h.s.HTTPHCAbstractImpl: Local host = Mickeys-MacBook-Pro.local
2018-05-01 10:38:22,636 INFO o.a.j.p.h.s.HTTPHC4Impl: HTTP request retry count = 0
2018-05-01 10:38:22,802 INFO o.a.j.t.JMeterThread: Thread started: Spree search load 1-2
2018-05-01 10:38:22,999 INFO o.a.j.t.JMeterThread: Thread started: Spree search load 1-3
2018-05-01 10:38:23,200 INFO o.a.j.t.JMeterThread: Thread started: Spree search load 1-4
2018-05-01 10:38:23,402 INFO o.a.j.t.JMeterThread: Thread started: Spree search load 1-5
2018-05-01 10:38:23,604 INFO o.a.j.t.JMeterThread: Thread started: Spree search load 1-6
2018-05-01 10:38:23,806 INFO o.a.j.t.JMeterThread: Thread started: Spree search load 1-7
2018-05-01 10:38:24,008 INFO o.a.j.t.JMeterThread: Thread started: Spree search load 1-8
2018-05-01 10:38:24,208 INFO o.a.j.t.JMeterThread: Thread started: Spree search load 1-9
2018-05-01 10:38:24,409 INFO o.a.j.t.JMeterThread: Thread started: Spree search load 1-10
2018-05-01 10:43:52,004 INFO o.a.j.g.a.Start: Stopping test
2018-05-01 10:43:52,076 INFO o.a.j.t.JMeterThread: Stopping: Spree search load 1-8
2018-05-01 10:43:52,076 WARN o.a.j.t.JMeterThread: Interrupting: Spree search load 1-8 sampler: Home page
2018-05-01 10:43:52,077 INFO o.a.j.t.JMeterThread: Stopping: Spree search load 1-3
2018-05-01 10:43:52,077 WARN o.a.j.t.JMeterThread: Interrupting: Spree search load 1-3 sampler: Home page
2018-05-01 10:43:52,078 INFO o.a.j.t.JMeterThread: Stopping: Spree search load 1-6
2018-05-01 10:43:52,078 WARN o.a.j.t.JMeterThread: Interrupting: Spree search load 1-6 sampler: Home page
2018-05-01 10:43:52,079 INFO o.a.j.t.JMeterThread: Thread finished: Spree search load 1-8
2018-05-01 10:43:52,079 INFO o.a.j.t.JMeterThread: Stopping: Spree search load 1-7
2018-05-01 10:43:52,079 INFO o.a.j.t.JMeterThread: Thread finished: Spree search load 1-3
2018-05-01 10:43:52,079 WARN o.a.j.t.JMeterThread: Interrupting: Spree search load 1-7 sampler: Home page
2018-05-01 10:43:52,080 INFO o.a.j.t.JMeterThread: Stopping: Spree search load 1-1
2018-05-01 10:43:52,080 INFO o.a.j.t.JMeterThread: Thread finished: Spree search load 1-6
2018-05-01 10:43:52,080 WARN o.a.j.t.JMeterThread: Interrupting: Spree search load 1-1 sampler: Search
2018-05-01 10:43:52,081 INFO o.a.j.t.JMeterThread: Stopping: Spree search load 1-2
2018-05-01 10:43:52,081 INFO o.a.j.t.JMeterThread: Thread finished: Spree search load 1-7
2018-05-01 10:43:52,081 WARN o.a.j.t.JMeterThread: Interrupting: Spree search load 1-2 sampler: Search
2018-05-01 10:43:52,082 INFO o.a.j.t.JMeterThread: Stopping: Spree search load 1-5
2018-05-01 10:43:52,082 INFO o.a.j.t.JMeterThread: Thread finished: Spree search load 1-1
2018-05-01 10:43:52,082 WARN o.a.j.t.JMeterThread: Interrupting: Spree search load 1-5 sampler: Home page
2018-05-01 10:43:52,083 INFO o.a.j.t.JMeterThread: Thread finished: Spree search load 1-2
2018-05-01 10:43:52,083 INFO o.a.j.t.JMeterThread: Stopping: Spree search load 1-9
2018-05-01 10:43:52,083 WARN o.a.j.t.JMeterThread: Interrupting: Spree search load 1-9 sampler: Search
2018-05-01 10:43:52,084 INFO o.a.j.t.JMeterThread: Stopping: Spree search load 1-10
2018-05-01 10:43:52,084 INFO o.a.j.t.JMeterThread: Thread finished: Spree search load 1-5
2018-05-01 10:43:52,084 WARN o.a.j.t.JMeterThread: Interrupting: Spree search load 1-10 sampler: Home page
2018-05-01 10:43:52,085 INFO o.a.j.t.JMeterThread: Stopping: Spree search load 1-4
2018-05-01 10:43:52,085 WARN o.a.j.t.JMeterThread: Interrupting: Spree search load 1-4 sampler: Home page
2018-05-01 10:43:52,085 INFO o.a.j.t.JMeterThread: Thread finished: Spree search load 1-9
2018-05-01 10:43:52,086 INFO o.a.j.t.JMeterThread: Thread finished: Spree search load 1-10
2018-05-01 10:43:52,086 INFO o.a.j.t.JMeterThread: Thread finished: Spree search load 1-4
2018-05-01 10:43:52,086 INFO o.a.j.e.StandardJMeterEngine: Notifying test listeners of end of test
2018-05-01 10:43:52,087 INFO o.a.j.s.FileServer: Close: /Users/mickeyshaul/Documents/DevOps/Opsschool/final-project/jmeter/products.csv
2018-05-01 10:43:52,087 INFO o.a.j.g.u.JMeterMenuBar: setRunning(false, *local*)
